running egg_info
creating ../../build/bridgette/bridgette.egg-info
writing ../../build/bridgette/bridgette.egg-info/PKG-INFO
writing dependency_links to ../../build/bridgette/bridgette.egg-info/dependency_links.txt
writing entry points to ../../build/bridgette/bridgette.egg-info/entry_points.txt
writing requirements to ../../build/bridgette/bridgette.egg-info/requires.txt
writing top-level names to ../../build/bridgette/bridgette.egg-info/top_level.txt
writing manifest file '../../build/bridgette/bridgette.egg-info/SOURCES.txt'
reading manifest file '../../build/bridgette/bridgette.egg-info/SOURCES.txt'
writing manifest file '../../build/bridgette/bridgette.egg-info/SOURCES.txt'
running build
running build_py
creating /home/corelab-laptop2/GitHub/AttackingBlimp/Fall 2023/attack_ws/build/bridgette/build
creating /home/corelab-laptop2/GitHub/AttackingBlimp/Fall 2023/attack_ws/build/bridgette/build/lib
creating /home/corelab-laptop2/GitHub/AttackingBlimp/Fall 2023/attack_ws/build/bridgette/build/lib/bridgette
copying bridgette/__init__.py -> /home/corelab-laptop2/GitHub/AttackingBlimp/Fall 2023/attack_ws/build/bridgette/build/lib/bridgette
running install
running install_lib
creating /home/corelab-laptop2/GitHub/AttackingBlimp/Fall 2023/attack_ws/install/bridgette/lib/python3.8/site-packages/bridgette
copying /home/corelab-laptop2/GitHub/AttackingBlimp/Fall 2023/attack_ws/build/bridgette/build/lib/bridgette/__init__.py -> /home/corelab-laptop2/GitHub/AttackingBlimp/Fall 2023/attack_ws/install/bridgette/lib/python3.8/site-packages/bridgette
byte-compiling /home/corelab-laptop2/GitHub/AttackingBlimp/Fall 2023/attack_ws/install/bridgette/lib/python3.8/site-packages/bridgette/__init__.py to __init__.cpython-38.pyc
running install_data
creating /home/corelab-laptop2/GitHub/AttackingBlimp/Fall 2023/attack_ws/install/bridgette/share/ament_index
creating /home/corelab-laptop2/GitHub/AttackingBlimp/Fall 2023/attack_ws/install/bridgette/share/ament_index/resource_index
creating /home/corelab-laptop2/GitHub/AttackingBlimp/Fall 2023/attack_ws/install/bridgette/share/ament_index/resource_index/packages
copying resource/bridgette -> /home/corelab-laptop2/GitHub/AttackingBlimp/Fall 2023/attack_ws/install/bridgette/share/ament_index/resource_index/packages
copying package.xml -> /home/corelab-laptop2/GitHub/AttackingBlimp/Fall 2023/attack_ws/install/bridgette/share/bridgette
running install_egg_info
Copying ../../build/bridgette/bridgette.egg-info to /home/corelab-laptop2/GitHub/AttackingBlimp/Fall 2023/attack_ws/install/bridgette/lib/python3.8/site-packages/bridgette-0.0.0-py3.8.egg-info
running install_scripts
writing list of installed files to '/home/corelab-laptop2/GitHub/AttackingBlimp/Fall 2023/attack_ws/build/bridgette/install.log'
