[0.565s] Invoking command in '/home/corelab-laptop2/GitHub/AttackingBlimp/Fall 2023/attack_ws/src/bridgette': PYTHONPATH=/home/corelab-laptop2/GitHub/AttackingBlimp/Fall 2023/attack_ws/build/bridgette/prefix_override:/home/corelab-laptop2/GitHub/AttackingBlimp/Fall 2023/attack_ws/install/bridgette/lib/python3.8/site-packages:${PYTHONPATH} /usr/bin/python3 setup.py egg_info --egg-base ../../build/bridgette build --build-base /home/corelab-laptop2/GitHub/AttackingBlimp/Fall 2023/attack_ws/build/bridgette/build install --record /home/corelab-laptop2/GitHub/AttackingBlimp/Fall 2023/attack_ws/build/bridgette/install.log --install-scripts $base/lib/bridgette --single-version-externally-managed
[0.734s] running egg_info
[0.734s] creating ../../build/bridgette/bridgette.egg-info
[0.734s] writing ../../build/bridgette/bridgette.egg-info/PKG-INFO
[0.734s] writing dependency_links to ../../build/bridgette/bridgette.egg-info/dependency_links.txt
[0.734s] writing entry points to ../../build/bridgette/bridgette.egg-info/entry_points.txt
[0.734s] writing requirements to ../../build/bridgette/bridgette.egg-info/requires.txt
[0.734s] writing top-level names to ../../build/bridgette/bridgette.egg-info/top_level.txt
[0.740s] writing manifest file '../../build/bridgette/bridgette.egg-info/SOURCES.txt'
[0.763s] reading manifest file '../../build/bridgette/bridgette.egg-info/SOURCES.txt'
[0.764s] writing manifest file '../../build/bridgette/bridgette.egg-info/SOURCES.txt'
[0.764s] running build
[0.764s] running build_py
[0.764s] creating /home/corelab-laptop2/GitHub/AttackingBlimp/Fall 2023/attack_ws/build/bridgette/build
[0.764s] creating /home/corelab-laptop2/GitHub/AttackingBlimp/Fall 2023/attack_ws/build/bridgette/build/lib
[0.764s] creating /home/corelab-laptop2/GitHub/AttackingBlimp/Fall 2023/attack_ws/build/bridgette/build/lib/bridgette
[0.764s] copying bridgette/__init__.py -> /home/corelab-laptop2/GitHub/AttackingBlimp/Fall 2023/attack_ws/build/bridgette/build/lib/bridgette
[0.764s] running install
[0.765s] running install_lib
[0.765s] creating /home/corelab-laptop2/GitHub/AttackingBlimp/Fall 2023/attack_ws/install/bridgette/lib/python3.8/site-packages/bridgette
[0.765s] copying /home/corelab-laptop2/GitHub/AttackingBlimp/Fall 2023/attack_ws/build/bridgette/build/lib/bridgette/__init__.py -> /home/corelab-laptop2/GitHub/AttackingBlimp/Fall 2023/attack_ws/install/bridgette/lib/python3.8/site-packages/bridgette
[0.766s] byte-compiling /home/corelab-laptop2/GitHub/AttackingBlimp/Fall 2023/attack_ws/install/bridgette/lib/python3.8/site-packages/bridgette/__init__.py to __init__.cpython-38.pyc
[0.766s] running install_data
[0.767s] creating /home/corelab-laptop2/GitHub/AttackingBlimp/Fall 2023/attack_ws/install/bridgette/share/ament_index
[0.767s] creating /home/corelab-laptop2/GitHub/AttackingBlimp/Fall 2023/attack_ws/install/bridgette/share/ament_index/resource_index
[0.767s] creating /home/corelab-laptop2/GitHub/AttackingBlimp/Fall 2023/attack_ws/install/bridgette/share/ament_index/resource_index/packages
[0.767s] copying resource/bridgette -> /home/corelab-laptop2/GitHub/AttackingBlimp/Fall 2023/attack_ws/install/bridgette/share/ament_index/resource_index/packages
[0.767s] copying package.xml -> /home/corelab-laptop2/GitHub/AttackingBlimp/Fall 2023/attack_ws/install/bridgette/share/bridgette
[0.767s] running install_egg_info
[0.768s] Copying ../../build/bridgette/bridgette.egg-info to /home/corelab-laptop2/GitHub/AttackingBlimp/Fall 2023/attack_ws/install/bridgette/lib/python3.8/site-packages/bridgette-0.0.0-py3.8.egg-info
[0.768s] running install_scripts
[0.780s] writing list of installed files to '/home/corelab-laptop2/GitHub/AttackingBlimp/Fall 2023/attack_ws/build/bridgette/install.log'
[0.795s] Invoked command in '/home/corelab-laptop2/GitHub/AttackingBlimp/Fall 2023/attack_ws/src/bridgette' returned '0': PYTHONPATH=/home/corelab-laptop2/GitHub/AttackingBlimp/Fall 2023/attack_ws/build/bridgette/prefix_override:/home/corelab-laptop2/GitHub/AttackingBlimp/Fall 2023/attack_ws/install/bridgette/lib/python3.8/site-packages:${PYTHONPATH} /usr/bin/python3 setup.py egg_info --egg-base ../../build/bridgette build --build-base /home/corelab-laptop2/GitHub/AttackingBlimp/Fall 2023/attack_ws/build/bridgette/build install --record /home/corelab-laptop2/GitHub/AttackingBlimp/Fall 2023/attack_ws/build/bridgette/install.log --install-scripts $base/lib/bridgette --single-version-externally-managed
