[0.225s] DEBUG:colcon:Command line arguments: ['/usr/bin/colcon', 'build']
[0.225s] DEBUG:colcon:Parsed command line arguments: Namespace(allow_overriding=[], ament_cmake_args=None, base_paths=['.'], build_base='build', catkin_cmake_args=None, catkin_skip_building_tests=False, cmake_args=None, cmake_clean_cache=False, cmake_clean_first=False, cmake_force_configure=False, cmake_target=None, cmake_target_skip_unavailable=False, continue_on_error=False, event_handlers=None, executor='parallel', ignore_user_meta=False, install_base='install', log_base=None, log_level=None, main=<bound method BuildVerb.main of <colcon_core.verb.build.BuildVerb object at 0x7fcd85d14c70>>, merge_install=False, metas=['./colcon.meta'], packages_above=None, packages_above_and_dependencies=None, packages_above_depth=None, packages_end=None, packages_ignore=None, packages_ignore_regex=None, packages_select=None, packages_select_build_failed=False, packages_select_by_dep=None, packages_select_regex=None, packages_select_test_failures=False, packages_skip=None, packages_skip_build_finished=False, packages_skip_by_dep=None, packages_skip_regex=None, packages_skip_test_passed=False, packages_skip_up_to=None, packages_start=None, packages_up_to=None, packages_up_to_regex=None, parallel_workers=8, paths=None, symlink_install=False, test_result_base=None, verb_extension=<colcon_core.verb.build.BuildVerb object at 0x7fcd85d14c70>, verb_name='build', verb_parser=<colcon_defaults.argument_parser.defaults.DefaultArgumentsDecorator object at 0x7fcd85d1f220>)
[0.248s] Level 1:colcon.colcon_core.package_discovery:discover_packages(colcon_meta) check parameters
[0.248s] Level 1:colcon.colcon_core.package_discovery:discover_packages(recursive) check parameters
[0.248s] Level 1:colcon.colcon_core.package_discovery:discover_packages(ignore) check parameters
[0.248s] Level 1:colcon.colcon_core.package_discovery:discover_packages(path) check parameters
[0.248s] Level 1:colcon.colcon_core.package_discovery:discover_packages(colcon_meta) discover
[0.248s] Level 1:colcon.colcon_core.package_discovery:discover_packages(recursive) discover
[0.248s] INFO:colcon.colcon_core.package_discovery:Crawling recursively for packages in '/home/corelab-laptop2/GitHub/AttackingBlimp/Fall 2023/attack_ws'
[0.248s] Level 1:colcon.colcon_core.package_identification:_identify(.) by extensions ['ignore', 'ignore_ament_install']
[0.248s] Level 1:colcon.colcon_core.package_identification:_identify(.) by extension 'ignore'
[0.248s] Level 1:colcon.colcon_core.package_identification:_identify(.) by extension 'ignore_ament_install'
[0.248s] Level 1:colcon.colcon_core.package_identification:_identify(.) by extensions ['colcon_pkg']
[0.249s] Level 1:colcon.colcon_core.package_identification:_identify(.) by extension 'colcon_pkg'
[0.249s] Level 1:colcon.colcon_core.package_identification:_identify(.) by extensions ['colcon_meta']
[0.249s] Level 1:colcon.colcon_core.package_identification:_identify(.) by extension 'colcon_meta'
[0.249s] Level 1:colcon.colcon_core.package_identification:_identify(.) by extensions ['ros']
[0.249s] Level 1:colcon.colcon_core.package_identification:_identify(.) by extension 'ros'
[0.287s] Level 1:colcon.colcon_core.package_identification:_identify(.) by extensions ['cmake', 'python']
[0.287s] Level 1:colcon.colcon_core.package_identification:_identify(.) by extension 'cmake'
[0.287s] Level 1:colcon.colcon_core.package_identification:_identify(.) by extension 'python'
[0.287s] Level 1:colcon.colcon_core.package_identification:_identify(.) by extensions ['python_setup_py']
[0.287s] Level 1:colcon.colcon_core.package_identification:_identify(.) by extension 'python_setup_py'
[0.287s] Level 1:colcon.colcon_core.package_identification:_identify(build) by extensions ['ignore', 'ignore_ament_install']
[0.287s] Level 1:colcon.colcon_core.package_identification:_identify(build) by extension 'ignore'
[0.287s] Level 1:colcon.colcon_core.package_identification:_identify(build) ignored
[0.287s] Level 1:colcon.colcon_core.package_identification:_identify(install) by extensions ['ignore', 'ignore_ament_install']
[0.287s] Level 1:colcon.colcon_core.package_identification:_identify(install) by extension 'ignore'
[0.287s] Level 1:colcon.colcon_core.package_identification:_identify(install) ignored
[0.287s] Level 1:colcon.colcon_core.package_identification:_identify(log) by extensions ['ignore', 'ignore_ament_install']
[0.288s] Level 1:colcon.colcon_core.package_identification:_identify(log) by extension 'ignore'
[0.288s] Level 1:colcon.colcon_core.package_identification:_identify(log) ignored
[0.288s] Level 1:colcon.colcon_core.package_identification:_identify(src) by extensions ['ignore', 'ignore_ament_install']
[0.288s] Level 1:colcon.colcon_core.package_identification:_identify(src) by extension 'ignore'
[0.288s] Level 1:colcon.colcon_core.package_identification:_identify(src) by extension 'ignore_ament_install'
[0.288s] Level 1:colcon.colcon_core.package_identification:_identify(src) by extensions ['colcon_pkg']
[0.288s] Level 1:colcon.colcon_core.package_identification:_identify(src) by extension 'colcon_pkg'
[0.288s] Level 1:colcon.colcon_core.package_identification:_identify(src) by extensions ['colcon_meta']
[0.288s] Level 1:colcon.colcon_core.package_identification:_identify(src) by extension 'colcon_meta'
[0.288s] Level 1:colcon.colcon_core.package_identification:_identify(src) by extensions ['ros']
[0.288s] Level 1:colcon.colcon_core.package_identification:_identify(src) by extension 'ros'
[0.288s] Level 1:colcon.colcon_core.package_identification:_identify(src) by extensions ['cmake', 'python']
[0.288s] Level 1:colcon.colcon_core.package_identification:_identify(src) by extension 'cmake'
[0.288s] Level 1:colcon.colcon_core.package_identification:_identify(src) by extension 'python'
[0.288s] Level 1:colcon.colcon_core.package_identification:_identify(src) by extensions ['python_setup_py']
[0.288s] Level 1:colcon.colcon_core.package_identification:_identify(src) by extension 'python_setup_py'
[0.288s] Level 1:colcon.colcon_core.package_identification:_identify(src/bridgette) by extensions ['ignore', 'ignore_ament_install']
[0.288s] Level 1:colcon.colcon_core.package_identification:_identify(src/bridgette) by extension 'ignore'
[0.288s] Level 1:colcon.colcon_core.package_identification:_identify(src/bridgette) by extension 'ignore_ament_install'
[0.288s] Level 1:colcon.colcon_core.package_identification:_identify(src/bridgette) by extensions ['colcon_pkg']
[0.288s] Level 1:colcon.colcon_core.package_identification:_identify(src/bridgette) by extension 'colcon_pkg'
[0.288s] Level 1:colcon.colcon_core.package_identification:_identify(src/bridgette) by extensions ['colcon_meta']
[0.288s] Level 1:colcon.colcon_core.package_identification:_identify(src/bridgette) by extension 'colcon_meta'
[0.288s] Level 1:colcon.colcon_core.package_identification:_identify(src/bridgette) by extensions ['ros']
[0.288s] Level 1:colcon.colcon_core.package_identification:_identify(src/bridgette) by extension 'ros'
[0.290s] DEBUG:colcon.colcon_core.package_identification:Package 'src/bridgette' with type 'ros.ament_python' and name 'bridgette'
[0.290s] Level 1:colcon.colcon_core.package_discovery:discover_packages(recursive) using defaults
[0.290s] Level 1:colcon.colcon_core.package_discovery:discover_packages(ignore) discover
[0.290s] Level 1:colcon.colcon_core.package_discovery:discover_packages(ignore) using defaults
[0.290s] Level 1:colcon.colcon_core.package_discovery:discover_packages(path) discover
[0.290s] Level 1:colcon.colcon_core.package_discovery:discover_packages(path) using defaults
[0.303s] Level 1:colcon.colcon_core.package_discovery:discover_packages(prefix_path) check parameters
[0.303s] Level 1:colcon.colcon_core.package_discovery:discover_packages(prefix_path) discover
[0.305s] DEBUG:colcon.colcon_installed_package_information.package_discovery:Found 305 installed packages in /opt/ros/foxy
[0.307s] Level 1:colcon.colcon_core.package_discovery:discover_packages(prefix_path) using defaults
[0.356s] Level 5:colcon.colcon_core.verb:set package 'bridgette' build argument 'cmake_args' from command line to 'None'
[0.357s] Level 5:colcon.colcon_core.verb:set package 'bridgette' build argument 'cmake_target' from command line to 'None'
[0.357s] Level 5:colcon.colcon_core.verb:set package 'bridgette' build argument 'cmake_target_skip_unavailable' from command line to 'False'
[0.357s] Level 5:colcon.colcon_core.verb:set package 'bridgette' build argument 'cmake_clean_cache' from command line to 'False'
[0.357s] Level 5:colcon.colcon_core.verb:set package 'bridgette' build argument 'cmake_clean_first' from command line to 'False'
[0.357s] Level 5:colcon.colcon_core.verb:set package 'bridgette' build argument 'cmake_force_configure' from command line to 'False'
[0.357s] Level 5:colcon.colcon_core.verb:set package 'bridgette' build argument 'ament_cmake_args' from command line to 'None'
[0.357s] Level 5:colcon.colcon_core.verb:set package 'bridgette' build argument 'catkin_cmake_args' from command line to 'None'
[0.357s] Level 5:colcon.colcon_core.verb:set package 'bridgette' build argument 'catkin_skip_building_tests' from command line to 'False'
[0.357s] DEBUG:colcon.colcon_core.verb:Building package 'bridgette' with the following arguments: {'ament_cmake_args': None, 'build_base': '/home/corelab-laptop2/GitHub/AttackingBlimp/Fall 2023/attack_ws/build/bridgette', 'catkin_cmake_args': None, 'catkin_skip_building_tests': False, 'cmake_args': None, 'cmake_clean_cache': False, 'cmake_clean_first': False, 'cmake_force_configure': False, 'cmake_target': None, 'cmake_target_skip_unavailable': False, 'install_base': '/home/corelab-laptop2/GitHub/AttackingBlimp/Fall 2023/attack_ws/install/bridgette', 'merge_install': False, 'path': '/home/corelab-laptop2/GitHub/AttackingBlimp/Fall 2023/attack_ws/src/bridgette', 'symlink_install': False, 'test_result_base': None}
[0.357s] INFO:colcon.colcon_core.executor:Executing jobs using 'parallel' executor
[0.359s] DEBUG:colcon.colcon_parallel_executor.executor.parallel:run_until_complete
[0.360s] INFO:colcon.colcon_ros.task.ament_python.build:Building ROS package in '/home/corelab-laptop2/GitHub/AttackingBlimp/Fall 2023/attack_ws/src/bridgette' with build type 'ament_python'
[0.360s] Level 1:colcon.colcon_core.shell:create_environment_hook('bridgette', 'ament_prefix_path')
[0.363s] INFO:colcon.colcon_core.plugin_system:Skipping extension 'colcon_core.shell.bat': Not used on non-Windows systems
[0.363s] INFO:colcon.colcon_core.shell:Creating environment hook '/home/corelab-laptop2/GitHub/AttackingBlimp/Fall 2023/attack_ws/install/bridgette/share/bridgette/hook/ament_prefix_path.ps1'
[0.364s] INFO:colcon.colcon_core.shell:Creating environment descriptor '/home/corelab-laptop2/GitHub/AttackingBlimp/Fall 2023/attack_ws/install/bridgette/share/bridgette/hook/ament_prefix_path.dsv'
[0.364s] INFO:colcon.colcon_core.shell:Creating environment hook '/home/corelab-laptop2/GitHub/AttackingBlimp/Fall 2023/attack_ws/install/bridgette/share/bridgette/hook/ament_prefix_path.sh'
[0.365s] INFO:colcon.colcon_core.shell:Skip shell extension 'powershell' for command environment: Not usable outside of PowerShell
[0.365s] DEBUG:colcon.colcon_core.shell:Skip shell extension 'dsv' for command environment
[0.554s] INFO:colcon.colcon_core.task.python.build:Building Python package in '/home/corelab-laptop2/GitHub/AttackingBlimp/Fall 2023/attack_ws/src/bridgette'
[0.555s] INFO:colcon.colcon_core.shell:Skip shell extension 'powershell' for command environment: Not usable outside of PowerShell
[0.555s] DEBUG:colcon.colcon_core.shell:Skip shell extension 'dsv' for command environment
[0.926s] DEBUG:colcon.colcon_core.event_handler.log_command:Invoking command in '/home/corelab-laptop2/GitHub/AttackingBlimp/Fall 2023/attack_ws/src/bridgette': PYTHONPATH=/home/corelab-laptop2/GitHub/AttackingBlimp/Fall 2023/attack_ws/build/bridgette/prefix_override:/home/corelab-laptop2/GitHub/AttackingBlimp/Fall 2023/attack_ws/install/bridgette/lib/python3.8/site-packages:${PYTHONPATH} /usr/bin/python3 setup.py egg_info --egg-base ../../build/bridgette build --build-base /home/corelab-laptop2/GitHub/AttackingBlimp/Fall 2023/attack_ws/build/bridgette/build install --record /home/corelab-laptop2/GitHub/AttackingBlimp/Fall 2023/attack_ws/build/bridgette/install.log --install-scripts $base/lib/bridgette --single-version-externally-managed
[1.156s] DEBUG:colcon.colcon_core.event_handler.log_command:Invoked command in '/home/corelab-laptop2/GitHub/AttackingBlimp/Fall 2023/attack_ws/src/bridgette' returned '0': PYTHONPATH=/home/corelab-laptop2/GitHub/AttackingBlimp/Fall 2023/attack_ws/build/bridgette/prefix_override:/home/corelab-laptop2/GitHub/AttackingBlimp/Fall 2023/attack_ws/install/bridgette/lib/python3.8/site-packages:${PYTHONPATH} /usr/bin/python3 setup.py egg_info --egg-base ../../build/bridgette build --build-base /home/corelab-laptop2/GitHub/AttackingBlimp/Fall 2023/attack_ws/build/bridgette/build install --record /home/corelab-laptop2/GitHub/AttackingBlimp/Fall 2023/attack_ws/build/bridgette/install.log --install-scripts $base/lib/bridgette --single-version-externally-managed
[1.159s] Level 1:colcon.colcon_core.environment:checking '/home/corelab-laptop2/GitHub/AttackingBlimp/Fall 2023/attack_ws/install/bridgette' for CMake module files
[1.159s] Level 1:colcon.colcon_core.environment:checking '/home/corelab-laptop2/GitHub/AttackingBlimp/Fall 2023/attack_ws/install/bridgette' for CMake config files
[1.159s] Level 1:colcon.colcon_core.environment:checking '/home/corelab-laptop2/GitHub/AttackingBlimp/Fall 2023/attack_ws/install/bridgette/lib'
[1.159s] Level 1:colcon.colcon_core.environment:checking '/home/corelab-laptop2/GitHub/AttackingBlimp/Fall 2023/attack_ws/install/bridgette/bin'
[1.159s] Level 1:colcon.colcon_core.environment:checking '/home/corelab-laptop2/GitHub/AttackingBlimp/Fall 2023/attack_ws/install/bridgette/lib/pkgconfig/bridgette.pc'
[1.160s] Level 1:colcon.colcon_core.environment:checking '/home/corelab-laptop2/GitHub/AttackingBlimp/Fall 2023/attack_ws/install/bridgette/lib/python3.8/site-packages'
[1.160s] Level 1:colcon.colcon_core.shell:create_environment_hook('bridgette', 'pythonpath')
[1.160s] INFO:colcon.colcon_core.shell:Creating environment hook '/home/corelab-laptop2/GitHub/AttackingBlimp/Fall 2023/attack_ws/install/bridgette/share/bridgette/hook/pythonpath.ps1'
[1.161s] INFO:colcon.colcon_core.shell:Creating environment descriptor '/home/corelab-laptop2/GitHub/AttackingBlimp/Fall 2023/attack_ws/install/bridgette/share/bridgette/hook/pythonpath.dsv'
[1.161s] INFO:colcon.colcon_core.shell:Creating environment hook '/home/corelab-laptop2/GitHub/AttackingBlimp/Fall 2023/attack_ws/install/bridgette/share/bridgette/hook/pythonpath.sh'
[1.161s] Level 1:colcon.colcon_core.environment:checking '/home/corelab-laptop2/GitHub/AttackingBlimp/Fall 2023/attack_ws/install/bridgette/bin'
[1.161s] Level 1:colcon.colcon_core.environment:create_environment_scripts_only(bridgette)
[1.162s] INFO:colcon.colcon_core.shell:Creating package script '/home/corelab-laptop2/GitHub/AttackingBlimp/Fall 2023/attack_ws/install/bridgette/share/bridgette/package.ps1'
[1.163s] INFO:colcon.colcon_core.shell:Creating package descriptor '/home/corelab-laptop2/GitHub/AttackingBlimp/Fall 2023/attack_ws/install/bridgette/share/bridgette/package.dsv'
[1.163s] INFO:colcon.colcon_core.shell:Creating package script '/home/corelab-laptop2/GitHub/AttackingBlimp/Fall 2023/attack_ws/install/bridgette/share/bridgette/package.sh'
[1.163s] INFO:colcon.colcon_core.shell:Creating package script '/home/corelab-laptop2/GitHub/AttackingBlimp/Fall 2023/attack_ws/install/bridgette/share/bridgette/package.bash'
[1.164s] INFO:colcon.colcon_core.shell:Creating package script '/home/corelab-laptop2/GitHub/AttackingBlimp/Fall 2023/attack_ws/install/bridgette/share/bridgette/package.zsh'
[1.164s] Level 1:colcon.colcon_core.environment:create_file_with_runtime_dependencies(/home/corelab-laptop2/GitHub/AttackingBlimp/Fall 2023/attack_ws/install/bridgette/share/colcon-core/packages/bridgette)
[1.164s] DEBUG:colcon.colcon_parallel_executor.executor.parallel:closing loop
[1.165s] DEBUG:colcon.colcon_parallel_executor.executor.parallel:loop closed
[1.165s] DEBUG:colcon.colcon_parallel_executor.executor.parallel:run_until_complete finished with '0'
[1.165s] DEBUG:colcon.colcon_core.event_reactor:joining thread
[1.168s] INFO:colcon.colcon_core.plugin_system:Skipping extension 'colcon_notification.desktop_notification.terminal_notifier': Not used on non-Darwin systems
[1.168s] INFO:colcon.colcon_core.plugin_system:Skipping extension 'colcon_notification.desktop_notification.win32': Not used on non-Windows systems
[1.168s] INFO:colcon.colcon_notification.desktop_notification:Sending desktop notification using 'notify2'
[1.180s] DEBUG:colcon.colcon_core.event_reactor:joined thread
[1.181s] INFO:colcon.colcon_core.shell:Creating prefix script '/home/corelab-laptop2/GitHub/AttackingBlimp/Fall 2023/attack_ws/install/local_setup.ps1'
[1.182s] INFO:colcon.colcon_core.shell:Creating prefix util module '/home/corelab-laptop2/GitHub/AttackingBlimp/Fall 2023/attack_ws/install/_local_setup_util_ps1.py'
[1.183s] INFO:colcon.colcon_core.shell:Creating prefix chain script '/home/corelab-laptop2/GitHub/AttackingBlimp/Fall 2023/attack_ws/install/setup.ps1'
[1.184s] INFO:colcon.colcon_core.shell:Creating prefix script '/home/corelab-laptop2/GitHub/AttackingBlimp/Fall 2023/attack_ws/install/local_setup.sh'
[1.185s] INFO:colcon.colcon_core.shell:Creating prefix util module '/home/corelab-laptop2/GitHub/AttackingBlimp/Fall 2023/attack_ws/install/_local_setup_util_sh.py'
[1.185s] INFO:colcon.colcon_core.shell:Creating prefix chain script '/home/corelab-laptop2/GitHub/AttackingBlimp/Fall 2023/attack_ws/install/setup.sh'
[1.186s] INFO:colcon.colcon_core.shell:Creating prefix script '/home/corelab-laptop2/GitHub/AttackingBlimp/Fall 2023/attack_ws/install/local_setup.bash'
[1.186s] INFO:colcon.colcon_core.shell:Creating prefix chain script '/home/corelab-laptop2/GitHub/AttackingBlimp/Fall 2023/attack_ws/install/setup.bash'
[1.187s] INFO:colcon.colcon_core.shell:Creating prefix script '/home/corelab-laptop2/GitHub/AttackingBlimp/Fall 2023/attack_ws/install/local_setup.zsh'
[1.187s] INFO:colcon.colcon_core.shell:Creating prefix chain script '/home/corelab-laptop2/GitHub/AttackingBlimp/Fall 2023/attack_ws/install/setup.zsh'
