[0.260s] DEBUG:colcon:Command line arguments: ['/usr/bin/colcon', 'build']
[0.260s] DEBUG:colcon:Parsed command line arguments: Namespace(allow_overriding=[], ament_cmake_args=None, base_paths=['.'], build_base='build', catkin_cmake_args=None, catkin_skip_building_tests=False, cmake_args=None, cmake_clean_cache=False, cmake_clean_first=False, cmake_force_configure=False, cmake_target=None, cmake_target_skip_unavailable=False, continue_on_error=False, event_handlers=None, executor='parallel', ignore_user_meta=False, install_base='install', log_base=None, log_level=None, main=<bound method BuildVerb.main of <colcon_core.verb.build.BuildVerb object at 0x7f4b9a5f2ac0>>, merge_install=False, metas=['./colcon.meta'], packages_above=None, packages_above_and_dependencies=None, packages_above_depth=None, packages_end=None, packages_ignore=None, packages_ignore_regex=None, packages_select=None, packages_select_build_failed=False, packages_select_by_dep=None, packages_select_regex=None, packages_select_test_failures=False, packages_skip=None, packages_skip_build_finished=False, packages_skip_by_dep=None, packages_skip_regex=None, packages_skip_test_passed=False, packages_skip_up_to=None, packages_start=None, packages_up_to=None, packages_up_to_regex=None, parallel_workers=8, paths=None, symlink_install=False, test_result_base=None, verb_extension=<colcon_core.verb.build.BuildVerb object at 0x7f4b9a5f2ac0>, verb_name='build', verb_parser=<colcon_defaults.argument_parser.defaults.DefaultArgumentsDecorator object at 0x7f4b9a5fc070>)
[0.304s] Level 1:colcon.colcon_core.package_discovery:discover_packages(colcon_meta) check parameters
[0.304s] Level 1:colcon.colcon_core.package_discovery:discover_packages(recursive) check parameters
[0.304s] Level 1:colcon.colcon_core.package_discovery:discover_packages(ignore) check parameters
[0.304s] Level 1:colcon.colcon_core.package_discovery:discover_packages(path) check parameters
[0.304s] Level 1:colcon.colcon_core.package_discovery:discover_packages(colcon_meta) discover
[0.304s] Level 1:colcon.colcon_core.package_discovery:discover_packages(recursive) discover
[0.304s] INFO:colcon.colcon_core.package_discovery:Crawling recursively for packages in '/home/corelab-laptop2/GitHub/AttackingBlimp/Fall 2023/attack_ws'
[0.304s] Level 1:colcon.colcon_core.package_identification:_identify(.) by extensions ['ignore', 'ignore_ament_install']
[0.304s] Level 1:colcon.colcon_core.package_identification:_identify(.) by extension 'ignore'
[0.304s] Level 1:colcon.colcon_core.package_identification:_identify(.) by extension 'ignore_ament_install'
[0.304s] Level 1:colcon.colcon_core.package_identification:_identify(.) by extensions ['colcon_pkg']
[0.304s] Level 1:colcon.colcon_core.package_identification:_identify(.) by extension 'colcon_pkg'
[0.305s] Level 1:colcon.colcon_core.package_identification:_identify(.) by extensions ['colcon_meta']
[0.305s] Level 1:colcon.colcon_core.package_identification:_identify(.) by extension 'colcon_meta'
[0.305s] Level 1:colcon.colcon_core.package_identification:_identify(.) by extensions ['ros']
[0.305s] Level 1:colcon.colcon_core.package_identification:_identify(.) by extension 'ros'
[0.341s] Level 1:colcon.colcon_core.package_identification:_identify(.) by extensions ['cmake', 'python']
[0.341s] Level 1:colcon.colcon_core.package_identification:_identify(.) by extension 'cmake'
[0.341s] Level 1:colcon.colcon_core.package_identification:_identify(.) by extension 'python'
[0.341s] Level 1:colcon.colcon_core.package_identification:_identify(.) by extensions ['python_setup_py']
[0.342s] Level 1:colcon.colcon_core.package_identification:_identify(.) by extension 'python_setup_py'
[0.342s] Level 1:colcon.colcon_core.package_identification:_identify(build) by extensions ['ignore', 'ignore_ament_install']
[0.342s] Level 1:colcon.colcon_core.package_identification:_identify(build) by extension 'ignore'
[0.342s] Level 1:colcon.colcon_core.package_identification:_identify(build) ignored
[0.342s] Level 1:colcon.colcon_core.package_identification:_identify(install) by extensions ['ignore', 'ignore_ament_install']
[0.342s] Level 1:colcon.colcon_core.package_identification:_identify(install) by extension 'ignore'
[0.342s] Level 1:colcon.colcon_core.package_identification:_identify(install) ignored
[0.342s] Level 1:colcon.colcon_core.package_identification:_identify(log) by extensions ['ignore', 'ignore_ament_install']
[0.342s] Level 1:colcon.colcon_core.package_identification:_identify(log) by extension 'ignore'
[0.342s] Level 1:colcon.colcon_core.package_identification:_identify(log) ignored
[0.342s] Level 1:colcon.colcon_core.package_identification:_identify(src) by extensions ['ignore', 'ignore_ament_install']
[0.342s] Level 1:colcon.colcon_core.package_identification:_identify(src) by extension 'ignore'
[0.342s] Level 1:colcon.colcon_core.package_identification:_identify(src) by extension 'ignore_ament_install'
[0.342s] Level 1:colcon.colcon_core.package_identification:_identify(src) by extensions ['colcon_pkg']
[0.342s] Level 1:colcon.colcon_core.package_identification:_identify(src) by extension 'colcon_pkg'
[0.342s] Level 1:colcon.colcon_core.package_identification:_identify(src) by extensions ['colcon_meta']
[0.342s] Level 1:colcon.colcon_core.package_identification:_identify(src) by extension 'colcon_meta'
[0.342s] Level 1:colcon.colcon_core.package_identification:_identify(src) by extensions ['ros']
[0.342s] Level 1:colcon.colcon_core.package_identification:_identify(src) by extension 'ros'
[0.342s] Level 1:colcon.colcon_core.package_identification:_identify(src) by extensions ['cmake', 'python']
[0.342s] Level 1:colcon.colcon_core.package_identification:_identify(src) by extension 'cmake'
[0.342s] Level 1:colcon.colcon_core.package_identification:_identify(src) by extension 'python'
[0.342s] Level 1:colcon.colcon_core.package_identification:_identify(src) by extensions ['python_setup_py']
[0.342s] Level 1:colcon.colcon_core.package_identification:_identify(src) by extension 'python_setup_py'
[0.343s] Level 1:colcon.colcon_core.package_identification:_identify(src/bridgette) by extensions ['ignore', 'ignore_ament_install']
[0.343s] Level 1:colcon.colcon_core.package_identification:_identify(src/bridgette) by extension 'ignore'
[0.343s] Level 1:colcon.colcon_core.package_identification:_identify(src/bridgette) by extension 'ignore_ament_install'
[0.343s] Level 1:colcon.colcon_core.package_identification:_identify(src/bridgette) by extensions ['colcon_pkg']
[0.343s] Level 1:colcon.colcon_core.package_identification:_identify(src/bridgette) by extension 'colcon_pkg'
[0.343s] Level 1:colcon.colcon_core.package_identification:_identify(src/bridgette) by extensions ['colcon_meta']
[0.343s] Level 1:colcon.colcon_core.package_identification:_identify(src/bridgette) by extension 'colcon_meta'
[0.343s] Level 1:colcon.colcon_core.package_identification:_identify(src/bridgette) by extensions ['ros']
[0.343s] Level 1:colcon.colcon_core.package_identification:_identify(src/bridgette) by extension 'ros'
[0.345s] DEBUG:colcon.colcon_core.package_identification:Package 'src/bridgette' with type 'ros.ament_cmake' and name 'bridgette'
[0.345s] Level 1:colcon.colcon_core.package_discovery:discover_packages(recursive) using defaults
[0.345s] Level 1:colcon.colcon_core.package_discovery:discover_packages(ignore) discover
[0.345s] Level 1:colcon.colcon_core.package_discovery:discover_packages(ignore) using defaults
[0.346s] Level 1:colcon.colcon_core.package_discovery:discover_packages(path) discover
[0.346s] Level 1:colcon.colcon_core.package_discovery:discover_packages(path) using defaults
[0.366s] Level 1:colcon.colcon_core.package_discovery:discover_packages(prefix_path) check parameters
[0.366s] Level 1:colcon.colcon_core.package_discovery:discover_packages(prefix_path) discover
[0.369s] DEBUG:colcon.colcon_installed_package_information.package_discovery:Found 305 installed packages in /opt/ros/foxy
[0.371s] Level 1:colcon.colcon_core.package_discovery:discover_packages(prefix_path) using defaults
[0.433s] Level 5:colcon.colcon_core.verb:set package 'bridgette' build argument 'cmake_args' from command line to 'None'
[0.433s] Level 5:colcon.colcon_core.verb:set package 'bridgette' build argument 'cmake_target' from command line to 'None'
[0.433s] Level 5:colcon.colcon_core.verb:set package 'bridgette' build argument 'cmake_target_skip_unavailable' from command line to 'False'
[0.433s] Level 5:colcon.colcon_core.verb:set package 'bridgette' build argument 'cmake_clean_cache' from command line to 'False'
[0.433s] Level 5:colcon.colcon_core.verb:set package 'bridgette' build argument 'cmake_clean_first' from command line to 'False'
[0.433s] Level 5:colcon.colcon_core.verb:set package 'bridgette' build argument 'cmake_force_configure' from command line to 'False'
[0.433s] Level 5:colcon.colcon_core.verb:set package 'bridgette' build argument 'ament_cmake_args' from command line to 'None'
[0.434s] Level 5:colcon.colcon_core.verb:set package 'bridgette' build argument 'catkin_cmake_args' from command line to 'None'
[0.434s] Level 5:colcon.colcon_core.verb:set package 'bridgette' build argument 'catkin_skip_building_tests' from command line to 'False'
[0.434s] DEBUG:colcon.colcon_core.verb:Building package 'bridgette' with the following arguments: {'ament_cmake_args': None, 'build_base': '/home/corelab-laptop2/GitHub/AttackingBlimp/Fall 2023/attack_ws/build/bridgette', 'catkin_cmake_args': None, 'catkin_skip_building_tests': False, 'cmake_args': None, 'cmake_clean_cache': False, 'cmake_clean_first': False, 'cmake_force_configure': False, 'cmake_target': None, 'cmake_target_skip_unavailable': False, 'install_base': '/home/corelab-laptop2/GitHub/AttackingBlimp/Fall 2023/attack_ws/install/bridgette', 'merge_install': False, 'path': '/home/corelab-laptop2/GitHub/AttackingBlimp/Fall 2023/attack_ws/src/bridgette', 'symlink_install': False, 'test_result_base': None}
[0.434s] INFO:colcon.colcon_core.executor:Executing jobs using 'parallel' executor
[0.436s] DEBUG:colcon.colcon_parallel_executor.executor.parallel:run_until_complete
[0.436s] INFO:colcon.colcon_ros.task.ament_cmake.build:Building ROS package in '/home/corelab-laptop2/GitHub/AttackingBlimp/Fall 2023/attack_ws/src/bridgette' with build type 'ament_cmake'
[0.437s] INFO:colcon.colcon_cmake.task.cmake.build:Building CMake package in '/home/corelab-laptop2/GitHub/AttackingBlimp/Fall 2023/attack_ws/src/bridgette'
[0.441s] INFO:colcon.colcon_core.plugin_system:Skipping extension 'colcon_core.shell.bat': Not used on non-Windows systems
[0.441s] INFO:colcon.colcon_core.shell:Skip shell extension 'powershell' for command environment: Not usable outside of PowerShell
[0.442s] DEBUG:colcon.colcon_core.shell:Skip shell extension 'dsv' for command environment
[0.448s] DEBUG:colcon.colcon_core.event_handler.log_command:Invoking command in '/home/corelab-laptop2/GitHub/AttackingBlimp/Fall 2023/attack_ws/build/bridgette': CMAKE_PREFIX_PATH=/opt/ros/foxy /usr/bin/cmake /home/corelab-laptop2/GitHub/AttackingBlimp/Fall 2023/attack_ws/src/bridgette -DCMAKE_INSTALL_PREFIX=/home/corelab-laptop2/GitHub/AttackingBlimp/Fall 2023/attack_ws/install/bridgette
[1.295s] DEBUG:colcon.colcon_core.event_handler.log_command:Invoked command in '/home/corelab-laptop2/GitHub/AttackingBlimp/Fall 2023/attack_ws/build/bridgette' returned '0': CMAKE_PREFIX_PATH=/opt/ros/foxy /usr/bin/cmake /home/corelab-laptop2/GitHub/AttackingBlimp/Fall 2023/attack_ws/src/bridgette -DCMAKE_INSTALL_PREFIX=/home/corelab-laptop2/GitHub/AttackingBlimp/Fall 2023/attack_ws/install/bridgette
[1.297s] DEBUG:colcon.colcon_core.event_handler.log_command:Invoking command in '/home/corelab-laptop2/GitHub/AttackingBlimp/Fall 2023/attack_ws/build/bridgette': CMAKE_PREFIX_PATH=/opt/ros/foxy /usr/bin/cmake --build /home/corelab-laptop2/GitHub/AttackingBlimp/Fall 2023/attack_ws/build/bridgette -- -j8 -l8
[1.332s] DEBUG:colcon.colcon_core.event_handler.log_command:Invoked command in '/home/corelab-laptop2/GitHub/AttackingBlimp/Fall 2023/attack_ws/build/bridgette' returned '0': CMAKE_PREFIX_PATH=/opt/ros/foxy /usr/bin/cmake --build /home/corelab-laptop2/GitHub/AttackingBlimp/Fall 2023/attack_ws/build/bridgette -- -j8 -l8
[1.368s] DEBUG:colcon.colcon_core.event_handler.log_command:Invoking command in '/home/corelab-laptop2/GitHub/AttackingBlimp/Fall 2023/attack_ws/build/bridgette': CMAKE_PREFIX_PATH=/opt/ros/foxy /usr/bin/cmake --install /home/corelab-laptop2/GitHub/AttackingBlimp/Fall 2023/attack_ws/build/bridgette
[1.380s] Level 1:colcon.colcon_core.environment:create_environment_scripts_only(bridgette)
[1.381s] DEBUG:colcon.colcon_core.event_handler.log_command:Invoked command in '/home/corelab-laptop2/GitHub/AttackingBlimp/Fall 2023/attack_ws/build/bridgette' returned '0': CMAKE_PREFIX_PATH=/opt/ros/foxy /usr/bin/cmake --install /home/corelab-laptop2/GitHub/AttackingBlimp/Fall 2023/attack_ws/build/bridgette
[1.387s] Level 1:colcon.colcon_core.environment:checking '/home/corelab-laptop2/GitHub/AttackingBlimp/Fall 2023/attack_ws/install/bridgette' for CMake module files
[1.387s] Level 1:colcon.colcon_core.environment:checking '/home/corelab-laptop2/GitHub/AttackingBlimp/Fall 2023/attack_ws/install/bridgette' for CMake config files
[1.387s] Level 1:colcon.colcon_core.shell:create_environment_hook('bridgette', 'cmake_prefix_path')
[1.389s] INFO:colcon.colcon_core.shell:Creating environment hook '/home/corelab-laptop2/GitHub/AttackingBlimp/Fall 2023/attack_ws/install/bridgette/share/bridgette/hook/cmake_prefix_path.ps1'
[1.390s] INFO:colcon.colcon_core.shell:Creating environment descriptor '/home/corelab-laptop2/GitHub/AttackingBlimp/Fall 2023/attack_ws/install/bridgette/share/bridgette/hook/cmake_prefix_path.dsv'
[1.391s] INFO:colcon.colcon_core.shell:Creating environment hook '/home/corelab-laptop2/GitHub/AttackingBlimp/Fall 2023/attack_ws/install/bridgette/share/bridgette/hook/cmake_prefix_path.sh'
[1.392s] Level 1:colcon.colcon_core.environment:checking '/home/corelab-laptop2/GitHub/AttackingBlimp/Fall 2023/attack_ws/install/bridgette/bin'
[1.392s] Level 1:colcon.colcon_core.environment:checking '/home/corelab-laptop2/GitHub/AttackingBlimp/Fall 2023/attack_ws/install/bridgette/lib/pkgconfig/bridgette.pc'
[1.392s] Level 1:colcon.colcon_core.environment:checking '/home/corelab-laptop2/GitHub/AttackingBlimp/Fall 2023/attack_ws/install/bridgette/lib/python3.8/site-packages'
[1.392s] Level 1:colcon.colcon_core.environment:checking '/home/corelab-laptop2/GitHub/AttackingBlimp/Fall 2023/attack_ws/install/bridgette/bin'
[1.394s] INFO:colcon.colcon_core.shell:Creating package script '/home/corelab-laptop2/GitHub/AttackingBlimp/Fall 2023/attack_ws/install/bridgette/share/bridgette/package.ps1'
[1.394s] INFO:colcon.colcon_core.shell:Creating package descriptor '/home/corelab-laptop2/GitHub/AttackingBlimp/Fall 2023/attack_ws/install/bridgette/share/bridgette/package.dsv'
[1.395s] INFO:colcon.colcon_core.shell:Creating package script '/home/corelab-laptop2/GitHub/AttackingBlimp/Fall 2023/attack_ws/install/bridgette/share/bridgette/package.sh'
[1.396s] INFO:colcon.colcon_core.shell:Creating package script '/home/corelab-laptop2/GitHub/AttackingBlimp/Fall 2023/attack_ws/install/bridgette/share/bridgette/package.bash'
[1.396s] INFO:colcon.colcon_core.shell:Creating package script '/home/corelab-laptop2/GitHub/AttackingBlimp/Fall 2023/attack_ws/install/bridgette/share/bridgette/package.zsh'
[1.397s] Level 1:colcon.colcon_core.environment:create_file_with_runtime_dependencies(/home/corelab-laptop2/GitHub/AttackingBlimp/Fall 2023/attack_ws/install/bridgette/share/colcon-core/packages/bridgette)
[1.416s] Level 1:colcon.colcon_core.environment:create_environment_scripts_only(bridgette)
[1.418s] Level 1:colcon.colcon_core.environment:checking '/home/corelab-laptop2/GitHub/AttackingBlimp/Fall 2023/attack_ws/install/bridgette' for CMake module files
[1.418s] Level 1:colcon.colcon_core.environment:checking '/home/corelab-laptop2/GitHub/AttackingBlimp/Fall 2023/attack_ws/install/bridgette' for CMake config files
[1.418s] Level 1:colcon.colcon_core.shell:create_environment_hook('bridgette', 'cmake_prefix_path')
[1.420s] INFO:colcon.colcon_core.shell:Creating environment hook '/home/corelab-laptop2/GitHub/AttackingBlimp/Fall 2023/attack_ws/install/bridgette/share/bridgette/hook/cmake_prefix_path.ps1'
[1.420s] INFO:colcon.colcon_core.shell:Creating environment descriptor '/home/corelab-laptop2/GitHub/AttackingBlimp/Fall 2023/attack_ws/install/bridgette/share/bridgette/hook/cmake_prefix_path.dsv'
[1.420s] INFO:colcon.colcon_core.shell:Creating environment hook '/home/corelab-laptop2/GitHub/AttackingBlimp/Fall 2023/attack_ws/install/bridgette/share/bridgette/hook/cmake_prefix_path.sh'
[1.421s] Level 1:colcon.colcon_core.environment:checking '/home/corelab-laptop2/GitHub/AttackingBlimp/Fall 2023/attack_ws/install/bridgette/bin'
[1.421s] Level 1:colcon.colcon_core.environment:checking '/home/corelab-laptop2/GitHub/AttackingBlimp/Fall 2023/attack_ws/install/bridgette/lib/pkgconfig/bridgette.pc'
[1.421s] Level 1:colcon.colcon_core.environment:checking '/home/corelab-laptop2/GitHub/AttackingBlimp/Fall 2023/attack_ws/install/bridgette/lib/python3.8/site-packages'
[1.421s] Level 1:colcon.colcon_core.environment:checking '/home/corelab-laptop2/GitHub/AttackingBlimp/Fall 2023/attack_ws/install/bridgette/bin'
[1.422s] INFO:colcon.colcon_core.shell:Creating package script '/home/corelab-laptop2/GitHub/AttackingBlimp/Fall 2023/attack_ws/install/bridgette/share/bridgette/package.ps1'
[1.422s] INFO:colcon.colcon_core.shell:Creating package descriptor '/home/corelab-laptop2/GitHub/AttackingBlimp/Fall 2023/attack_ws/install/bridgette/share/bridgette/package.dsv'
[1.422s] INFO:colcon.colcon_core.shell:Creating package script '/home/corelab-laptop2/GitHub/AttackingBlimp/Fall 2023/attack_ws/install/bridgette/share/bridgette/package.sh'
[1.423s] INFO:colcon.colcon_core.shell:Creating package script '/home/corelab-laptop2/GitHub/AttackingBlimp/Fall 2023/attack_ws/install/bridgette/share/bridgette/package.bash'
[1.423s] INFO:colcon.colcon_core.shell:Creating package script '/home/corelab-laptop2/GitHub/AttackingBlimp/Fall 2023/attack_ws/install/bridgette/share/bridgette/package.zsh'
[1.423s] Level 1:colcon.colcon_core.environment:create_file_with_runtime_dependencies(/home/corelab-laptop2/GitHub/AttackingBlimp/Fall 2023/attack_ws/install/bridgette/share/colcon-core/packages/bridgette)
[1.423s] DEBUG:colcon.colcon_parallel_executor.executor.parallel:closing loop
[1.423s] DEBUG:colcon.colcon_parallel_executor.executor.parallel:loop closed
[1.423s] DEBUG:colcon.colcon_parallel_executor.executor.parallel:run_until_complete finished with '0'
[1.423s] DEBUG:colcon.colcon_core.event_reactor:joining thread
[1.428s] INFO:colcon.colcon_core.plugin_system:Skipping extension 'colcon_notification.desktop_notification.terminal_notifier': Not used on non-Darwin systems
[1.428s] INFO:colcon.colcon_core.plugin_system:Skipping extension 'colcon_notification.desktop_notification.win32': Not used on non-Windows systems
[1.428s] INFO:colcon.colcon_notification.desktop_notification:Sending desktop notification using 'notify2'
[1.440s] DEBUG:colcon.colcon_core.event_reactor:joined thread
[1.442s] INFO:colcon.colcon_core.shell:Creating prefix script '/home/corelab-laptop2/GitHub/AttackingBlimp/Fall 2023/attack_ws/install/local_setup.ps1'
[1.443s] INFO:colcon.colcon_core.shell:Creating prefix util module '/home/corelab-laptop2/GitHub/AttackingBlimp/Fall 2023/attack_ws/install/_local_setup_util_ps1.py'
[1.444s] INFO:colcon.colcon_core.shell:Creating prefix chain script '/home/corelab-laptop2/GitHub/AttackingBlimp/Fall 2023/attack_ws/install/setup.ps1'
[1.446s] INFO:colcon.colcon_core.shell:Creating prefix script '/home/corelab-laptop2/GitHub/AttackingBlimp/Fall 2023/attack_ws/install/local_setup.sh'
[1.446s] INFO:colcon.colcon_core.shell:Creating prefix util module '/home/corelab-laptop2/GitHub/AttackingBlimp/Fall 2023/attack_ws/install/_local_setup_util_sh.py'
[1.447s] INFO:colcon.colcon_core.shell:Creating prefix chain script '/home/corelab-laptop2/GitHub/AttackingBlimp/Fall 2023/attack_ws/install/setup.sh'
[1.448s] INFO:colcon.colcon_core.shell:Creating prefix script '/home/corelab-laptop2/GitHub/AttackingBlimp/Fall 2023/attack_ws/install/local_setup.bash'
[1.449s] INFO:colcon.colcon_core.shell:Creating prefix chain script '/home/corelab-laptop2/GitHub/AttackingBlimp/Fall 2023/attack_ws/install/setup.bash'
[1.451s] INFO:colcon.colcon_core.shell:Creating prefix script '/home/corelab-laptop2/GitHub/AttackingBlimp/Fall 2023/attack_ws/install/local_setup.zsh'
[1.451s] INFO:colcon.colcon_core.shell:Creating prefix chain script '/home/corelab-laptop2/GitHub/AttackingBlimp/Fall 2023/attack_ws/install/setup.zsh'
