[0.011s] Invoking command in '/home/corelab-laptop2/GitHub/AttackingBlimp/Fall 2023/attack_ws/build/bridgette': CMAKE_PREFIX_PATH=/opt/ros/foxy /usr/bin/cmake /home/corelab-laptop2/GitHub/AttackingBlimp/Fall 2023/attack_ws/src/bridgette -DCMAKE_INSTALL_PREFIX=/home/corelab-laptop2/GitHub/AttackingBlimp/Fall 2023/attack_ws/install/bridgette
[0.134s] -- The C compiler identification is GNU 9.4.0
[0.257s] -- The CXX compiler identification is GNU 9.4.0
[0.263s] -- Check for working C compiler: /usr/bin/cc
[0.349s] -- Check for working C compiler: /usr/bin/cc -- works
[0.350s] -- Detecting C compiler ABI info
[0.413s] -- Detecting C compiler ABI info - done
[0.421s] -- Detecting C compile features
[0.422s] -- Detecting C compile features - done
[0.424s] -- Check for working CXX compiler: /usr/bin/c++
[0.492s] -- Check for working CXX compiler: /usr/bin/c++ -- works
[0.492s] -- Detecting CXX compiler ABI info
[0.547s] -- Detecting CXX compiler ABI info - done
[0.554s] -- Detecting CXX compile features
[0.554s] -- Detecting CXX compile features - done
[0.556s] -- Found ament_cmake: 0.9.12 (/opt/ros/foxy/share/ament_cmake/cmake)
[0.580s] -- Found PythonInterp: /usr/bin/python3 (found suitable version "3.8.10", minimum required is "3") 
[0.580s] -- Using PYTHON_EXECUTABLE: /usr/bin/python3
[0.749s] -- Found ament_lint_auto: 0.9.8 (/opt/ros/foxy/share/ament_lint_auto/cmake)
[0.850s] -- Added test 'copyright' to check source files copyright and LICENSE
[0.851s] -- Added test 'lint_cmake' to check CMake code style
[0.852s] -- Added test 'xmllint' to check XML markup files
[0.854s] -- Configuring done
[0.855s] -- Generating done
[0.855s] -- Build files have been written to: /home/corelab-laptop2/GitHub/AttackingBlimp/Fall 2023/attack_ws/build/bridgette
[0.858s] Invoked command in '/home/corelab-laptop2/GitHub/AttackingBlimp/Fall 2023/attack_ws/build/bridgette' returned '0': CMAKE_PREFIX_PATH=/opt/ros/foxy /usr/bin/cmake /home/corelab-laptop2/GitHub/AttackingBlimp/Fall 2023/attack_ws/src/bridgette -DCMAKE_INSTALL_PREFIX=/home/corelab-laptop2/GitHub/AttackingBlimp/Fall 2023/attack_ws/install/bridgette
[0.860s] Invoking command in '/home/corelab-laptop2/GitHub/AttackingBlimp/Fall 2023/attack_ws/build/bridgette': CMAKE_PREFIX_PATH=/opt/ros/foxy /usr/bin/cmake --build /home/corelab-laptop2/GitHub/AttackingBlimp/Fall 2023/attack_ws/build/bridgette -- -j8 -l8
[0.896s] Invoked command in '/home/corelab-laptop2/GitHub/AttackingBlimp/Fall 2023/attack_ws/build/bridgette' returned '0': CMAKE_PREFIX_PATH=/opt/ros/foxy /usr/bin/cmake --build /home/corelab-laptop2/GitHub/AttackingBlimp/Fall 2023/attack_ws/build/bridgette -- -j8 -l8
[0.931s] Invoking command in '/home/corelab-laptop2/GitHub/AttackingBlimp/Fall 2023/attack_ws/build/bridgette': CMAKE_PREFIX_PATH=/opt/ros/foxy /usr/bin/cmake --install /home/corelab-laptop2/GitHub/AttackingBlimp/Fall 2023/attack_ws/build/bridgette
[0.941s] -- Install configuration: ""
[0.941s] -- Installing: /home/corelab-laptop2/GitHub/AttackingBlimp/Fall 2023/attack_ws/install/bridgette/share/ament_index/resource_index/package_run_dependencies/bridgette
[0.941s] -- Installing: /home/corelab-laptop2/GitHub/AttackingBlimp/Fall 2023/attack_ws/install/bridgette/share/ament_index/resource_index/parent_prefix_path/bridgette
[0.941s] -- Installing: /home/corelab-laptop2/GitHub/AttackingBlimp/Fall 2023/attack_ws/install/bridgette/share/bridgette/environment/ament_prefix_path.sh
[0.941s] -- Installing: /home/corelab-laptop2/GitHub/AttackingBlimp/Fall 2023/attack_ws/install/bridgette/share/bridgette/environment/ament_prefix_path.dsv
[0.941s] -- Installing: /home/corelab-laptop2/GitHub/AttackingBlimp/Fall 2023/attack_ws/install/bridgette/share/bridgette/environment/path.sh
[0.942s] -- Installing: /home/corelab-laptop2/GitHub/AttackingBlimp/Fall 2023/attack_ws/install/bridgette/share/bridgette/environment/path.dsv
[0.942s] -- Installing: /home/corelab-laptop2/GitHub/AttackingBlimp/Fall 2023/attack_ws/install/bridgette/share/bridgette/local_setup.bash
[0.942s] -- Installing: /home/corelab-laptop2/GitHub/AttackingBlimp/Fall 2023/attack_ws/install/bridgette/share/bridgette/local_setup.sh
[0.942s] -- Installing: /home/corelab-laptop2/GitHub/AttackingBlimp/Fall 2023/attack_ws/install/bridgette/share/bridgette/local_setup.zsh
[0.942s] -- Installing: /home/corelab-laptop2/GitHub/AttackingBlimp/Fall 2023/attack_ws/install/bridgette/share/bridgette/local_setup.dsv
[0.942s] -- Installing: /home/corelab-laptop2/GitHub/AttackingBlimp/Fall 2023/attack_ws/install/bridgette/share/bridgette/package.dsv
[0.942s] -- Installing: /home/corelab-laptop2/GitHub/AttackingBlimp/Fall 2023/attack_ws/install/bridgette/share/ament_index/resource_index/packages/bridgette
[0.942s] -- Installing: /home/corelab-laptop2/GitHub/AttackingBlimp/Fall 2023/attack_ws/install/bridgette/share/bridgette/cmake/bridgetteConfig.cmake
[0.942s] -- Installing: /home/corelab-laptop2/GitHub/AttackingBlimp/Fall 2023/attack_ws/install/bridgette/share/bridgette/cmake/bridgetteConfig-version.cmake
[0.942s] -- Installing: /home/corelab-laptop2/GitHub/AttackingBlimp/Fall 2023/attack_ws/install/bridgette/share/bridgette/package.xml
[0.944s] Invoked command in '/home/corelab-laptop2/GitHub/AttackingBlimp/Fall 2023/attack_ws/build/bridgette' returned '0': CMAKE_PREFIX_PATH=/opt/ros/foxy /usr/bin/cmake --install /home/corelab-laptop2/GitHub/AttackingBlimp/Fall 2023/attack_ws/build/bridgette
